Info: Starting: Create block symbol file (.bsf)
Info: qsys-generate E:\Quartus\Project\Lab9\lab9_soc.qsys --block-symbol-file --output-directory=E:\Quartus\Project\Lab9\lab9_soc --family="Cyclone IV E" --part=EP4CE115F29C7
Progress: Loading Lab9/lab9_soc.qsys
Progress: Reading input file
Progress: Adding clk_0 [clock_source 18.0]
Progress: Parameterizing module clk_0
Progress: Adding hex_display [altera_avalon_pio 18.0]
Progress: Parameterizing module hex_display
Progress: Adding jtag_uart_0 [altera_avalon_jtag_uart 18.0]
Progress: Parameterizing module jtag_uart_0
Progress: Adding nios2_gen2_0 [altera_nios2_gen2 18.0]
Progress: Parameterizing module nios2_gen2_0
Progress: Adding onchip_memory2_0 [altera_avalon_onchip_memory2 18.0]
Progress: Parameterizing module onchip_memory2_0
Progress: Adding sdram [altera_avalon_new_sdram_controller 18.0]
Progress: Parameterizing module sdram
Progress: Adding sdram_pll [altpll 18.0]
Progress: Parameterizing module sdram_pll
Progress: Adding sysid_qsys_0 [altera_avalon_sysid_qsys 18.0]
Progress: Parameterizing module sysid_qsys_0
Progress: Building connections
Progress: Parameterizing connections
Progress: Validating
Progress: Done reading input file
Info: lab9_soc.jtag_uart_0: JTAG UART IP input clock need to be at least double (2x) the operating frequency of JTAG TCK on board
Info: lab9_soc.sdram: SDRAM Controller will only be supported in Quartus Prime Standard Edition in the future release.
Info: lab9_soc.sysid_qsys_0: System ID is not assigned automatically. Edit the System ID parameter to provide a unique ID
Info: lab9_soc.sysid_qsys_0: Time stamp will be automatically updated when this component is generated.
Info: qsys-generate succeeded.
Info: Finished: Create block symbol file (.bsf)
Info: 
Info: Starting: Create HDL design files for synthesis
Info: qsys-generate E:\Quartus\Project\Lab9\lab9_soc.qsys --synthesis=VERILOG --output-directory=E:\Quartus\Project\Lab9\lab9_soc\synthesis --family="Cyclone IV E" --part=EP4CE115F29C7
Progress: Loading Lab9/lab9_soc.qsys
Progress: Reading input file
Progress: Adding clk_0 [clock_source 18.0]
Progress: Parameterizing module clk_0
Progress: Adding hex_display [altera_avalon_pio 18.0]
Progress: Parameterizing module hex_display
Progress: Adding jtag_uart_0 [altera_avalon_jtag_uart 18.0]
Progress: Parameterizing module jtag_uart_0
Progress: Adding nios2_gen2_0 [altera_nios2_gen2 18.0]
Progress: Parameterizing module nios2_gen2_0
Progress: Adding onchip_memory2_0 [altera_avalon_onchip_memory2 18.0]
Progress: Parameterizing module onchip_memory2_0
Progress: Adding sdram [altera_avalon_new_sdram_controller 18.0]
Progress: Parameterizing module sdram
Progress: Adding sdram_pll [altpll 18.0]
Progress: Parameterizing module sdram_pll
Progress: Adding sysid_qsys_0 [altera_avalon_sysid_qsys 18.0]
Progress: Parameterizing module sysid_qsys_0
Progress: Building connections
Progress: Parameterizing connections
Progress: Validating
Progress: Done reading input file
Info: lab9_soc.jtag_uart_0: JTAG UART IP input clock need to be at least double (2x) the operating frequency of JTAG TCK on board
Info: lab9_soc.sdram: SDRAM Controller will only be supported in Quartus Prime Standard Edition in the future release.
Info: lab9_soc.sysid_qsys_0: System ID is not assigned automatically. Edit the System ID parameter to provide a unique ID
Info: lab9_soc.sysid_qsys_0: Time stamp will be automatically updated when this component is generated.
Info: lab9_soc: Generating lab9_soc "lab9_soc" for QUARTUS_SYNTH
Info: Inserting clock-crossing logic between cmd_demux.src5 and cmd_mux_005.sink0
Info: Inserting clock-crossing logic between cmd_demux_001.src4 and cmd_mux_005.sink1
Info: Inserting clock-crossing logic between rsp_demux_005.src0 and rsp_mux.sink5
Info: Inserting clock-crossing logic between rsp_demux_005.src1 and rsp_mux_001.sink4
Info: hex_display: Starting RTL generation for module 'lab9_soc_hex_display'
Info: hex_display:   Generation command is [exec E:/quartus/quartus/bin64/perl/bin/perl.exe -I E:/quartus/quartus/bin64/perl/lib -I E:/quartus/quartus/sopc_builder/bin/europa -I E:/quartus/quartus/sopc_builder/bin/perl_lib -I E:/quartus/quartus/sopc_builder/bin -I E:/quartus/quartus/../ip/altera/sopc_builder_ip/common -I E:/quartus/quartus/../ip/altera/sopc_builder_ip/altera_avalon_pio -- E:/quartus/quartus/../ip/altera/sopc_builder_ip/altera_avalon_pio/generate_rtl.pl --name=lab9_soc_hex_display --dir=C:/Users/Brian_Yu/AppData/Local/Temp/alt8355_6878133499257946745.dir/0002_hex_display_gen/ --quartus_dir=E:/quartus/quartus --verilog --config=C:/Users/Brian_Yu/AppData/Local/Temp/alt8355_6878133499257946745.dir/0002_hex_display_gen//lab9_soc_hex_display_component_configuration.pl  --do_build_sim=0  ]
Info: hex_display: Done RTL generation for module 'lab9_soc_hex_display'
Info: hex_display: "lab9_soc" instantiated altera_avalon_pio "hex_display"
Info: jtag_uart_0: Starting RTL generation for module 'lab9_soc_jtag_uart_0'
Info: jtag_uart_0:   Generation command is [exec E:/quartus/quartus/bin64/perl/bin/perl.exe -I E:/quartus/quartus/bin64/perl/lib -I E:/quartus/quartus/sopc_builder/bin/europa -I E:/quartus/quartus/sopc_builder/bin/perl_lib -I E:/quartus/quartus/sopc_builder/bin -I E:/quartus/quartus/../ip/altera/sopc_builder_ip/common -I E:/quartus/quartus/../ip/altera/sopc_builder_ip/altera_avalon_jtag_uart -- E:/quartus/quartus/../ip/altera/sopc_builder_ip/altera_avalon_jtag_uart/generate_rtl.pl --name=lab9_soc_jtag_uart_0 --dir=C:/Users/Brian_Yu/AppData/Local/Temp/alt8355_6878133499257946745.dir/0003_jtag_uart_0_gen/ --quartus_dir=E:/quartus/quartus --verilog --config=C:/Users/Brian_Yu/AppData/Local/Temp/alt8355_6878133499257946745.dir/0003_jtag_uart_0_gen//lab9_soc_jtag_uart_0_component_configuration.pl  --do_build_sim=0  ]
Info: jtag_uart_0: Done RTL generation for module 'lab9_soc_jtag_uart_0'
Info: jtag_uart_0: "lab9_soc" instantiated altera_avalon_jtag_uart "jtag_uart_0"
Info: nios2_gen2_0: "lab9_soc" instantiated altera_nios2_gen2 "nios2_gen2_0"
Info: onchip_memory2_0: Starting RTL generation for module 'lab9_soc_onchip_memory2_0'
Info: onchip_memory2_0:   Generation command is [exec E:/quartus/quartus/bin64/perl/bin/perl.exe -I E:/quartus/quartus/bin64/perl/lib -I E:/quartus/quartus/sopc_builder/bin/europa -I E:/quartus/quartus/sopc_builder/bin/perl_lib -I E:/quartus/quartus/sopc_builder/bin -I E:/quartus/quartus/../ip/altera/sopc_builder_ip/common -I E:/quartus/quartus/../ip/altera/sopc_builder_ip/altera_avalon_onchip_memory2 -- E:/quartus/quartus/../ip/altera/sopc_builder_ip/altera_avalon_onchip_memory2/generate_rtl.pl --name=lab9_soc_onchip_memory2_0 --dir=C:/Users/Brian_Yu/AppData/Local/Temp/alt8355_6878133499257946745.dir/0004_onchip_memory2_0_gen/ --quartus_dir=E:/quartus/quartus --verilog --config=C:/Users/Brian_Yu/AppData/Local/Temp/alt8355_6878133499257946745.dir/0004_onchip_memory2_0_gen//lab9_soc_onchip_memory2_0_component_configuration.pl  --do_build_sim=0  ]
Info: onchip_memory2_0: Done RTL generation for module 'lab9_soc_onchip_memory2_0'
Info: onchip_memory2_0: "lab9_soc" instantiated altera_avalon_onchip_memory2 "onchip_memory2_0"
Info: sdram: Starting RTL generation for module 'lab9_soc_sdram'
Info: sdram:   Generation command is [exec E:/quartus/quartus/bin64/perl/bin/perl.exe -I E:/quartus/quartus/bin64/perl/lib -I E:/quartus/quartus/sopc_builder/bin/europa -I E:/quartus/quartus/sopc_builder/bin/perl_lib -I E:/quartus/quartus/sopc_builder/bin -I E:/quartus/quartus/../ip/altera/sopc_builder_ip/common -I E:/quartus/quartus/../ip/altera/sopc_builder_ip/altera_avalon_new_sdram_controller -- E:/quartus/quartus/../ip/altera/sopc_builder_ip/altera_avalon_new_sdram_controller/generate_rtl.pl --name=lab9_soc_sdram --dir=C:/Users/Brian_Yu/AppData/Local/Temp/alt8355_6878133499257946745.dir/0005_sdram_gen/ --quartus_dir=E:/quartus/quartus --verilog --config=C:/Users/Brian_Yu/AppData/Local/Temp/alt8355_6878133499257946745.dir/0005_sdram_gen//lab9_soc_sdram_component_configuration.pl  --do_build_sim=0  ]
Info: sdram: Done RTL generation for module 'lab9_soc_sdram'
Info: sdram: "lab9_soc" instantiated altera_avalon_new_sdram_controller "sdram"
Info: sdram_pll: "lab9_soc" instantiated altpll "sdram_pll"
Info: sysid_qsys_0: "lab9_soc" instantiated altera_avalon_sysid_qsys "sysid_qsys_0"
Info: avalon_st_adapter: Inserting error_adapter: error_adapter_0
Info: avalon_st_adapter_001: Inserting error_adapter: error_adapter_0
Info: avalon_st_adapter_002: Inserting error_adapter: error_adapter_0
Info: avalon_st_adapter_003: Inserting error_adapter: error_adapter_0
Info: avalon_st_adapter_004: Inserting error_adapter: error_adapter_0
Info: avalon_st_adapter_005: Inserting error_adapter: error_adapter_0
Info: avalon_st_adapter_006: Inserting error_adapter: error_adapter_0
Info: mm_interconnect_0: "lab9_soc" instantiated altera_mm_interconnect "mm_interconnect_0"
Info: irq_mapper: "lab9_soc" instantiated altera_irq_mapper "irq_mapper"
Info: rst_controller: "lab9_soc" instantiated altera_reset_controller "rst_controller"
Info: cpu: Starting RTL generation for module 'lab9_soc_nios2_gen2_0_cpu'
Info: cpu:   Generation command is [exec E:/Quartus/quartus/bin64//eperlcmd.exe -I E:/Quartus/quartus/bin64//perl/lib -I E:/quartus/quartus/sopc_builder/bin/europa -I E:/quartus/quartus/sopc_builder/bin/perl_lib -I E:/quartus/quartus/sopc_builder/bin -I E:/quartus/quartus/../ip/altera/nios2_ip/altera_nios2_gen2/cpu_lib -I E:/quartus/quartus/../ip/altera/nios2_ip/altera_nios2_gen2/nios_lib -I E:/quartus/quartus/../ip/altera/nios2_ip/altera_nios2_gen2 -I E:/quartus/quartus/../ip/altera/nios2_ip/altera_nios2_gen2 -- E:/quartus/quartus/../ip/altera/nios2_ip/altera_nios2_gen2/generate_rtl.epl --name=lab9_soc_nios2_gen2_0_cpu --dir=C:/Users/Brian_Yu/AppData/Local/Temp/alt8355_6878133499257946745.dir/0011_cpu_gen/ --quartus_bindir=E:/Quartus/quartus/bin64/ --verilog --config=C:/Users/Brian_Yu/AppData/Local/Temp/alt8355_6878133499257946745.dir/0011_cpu_gen//lab9_soc_nios2_gen2_0_cpu_processor_configuration.pl  --do_build_sim=0  ]
Info: cpu: # 2020.04.03 16:42:36 (*) Starting Nios II generation
Info: cpu: # 2020.04.03 16:42:36 (*)   Checking for plaintext license.
Info: cpu: # 2020.04.03 16:42:37 (*)   Couldn't query license setup in Quartus directory E:/Quartus/quartus/bin64/
Info: cpu: # 2020.04.03 16:42:37 (*)   Defaulting to contents of LM_LICENSE_FILE environment variable
Info: cpu: # 2020.04.03 16:42:37 (*)   LM_LICENSE_FILE environment variable is empty
Info: cpu: # 2020.04.03 16:42:37 (*)   Plaintext license not found.
Info: cpu: # 2020.04.03 16:42:37 (*)   No license required to generate encrypted Nios II/e.
Info: cpu: # 2020.04.03 16:42:37 (*)   Elaborating CPU configuration settings
Info: cpu: # 2020.04.03 16:42:38 (*)   Creating all objects for CPU
Info: cpu: # 2020.04.03 16:42:40 (*)   Generating RTL from CPU objects
Info: cpu: # 2020.04.03 16:42:40 (*)   Creating plain-text RTL
Info: cpu: # 2020.04.03 16:42:41 (*) Done Nios II generation
Info: cpu: Done RTL generation for module 'lab9_soc_nios2_gen2_0_cpu'
Info: cpu: "nios2_gen2_0" instantiated altera_nios2_gen2_unit "cpu"
Info: nios2_gen2_0_data_master_translator: "mm_interconnect_0" instantiated altera_merlin_master_translator "nios2_gen2_0_data_master_translator"
Info: jtag_uart_0_avalon_jtag_slave_translator: "mm_interconnect_0" instantiated altera_merlin_slave_translator "jtag_uart_0_avalon_jtag_slave_translator"
Info: nios2_gen2_0_data_master_agent: "mm_interconnect_0" instantiated altera_merlin_master_agent "nios2_gen2_0_data_master_agent"
Info: jtag_uart_0_avalon_jtag_slave_agent: "mm_interconnect_0" instantiated altera_merlin_slave_agent "jtag_uart_0_avalon_jtag_slave_agent"
Info: jtag_uart_0_avalon_jtag_slave_agent_rsp_fifo: "mm_interconnect_0" instantiated altera_avalon_sc_fifo "jtag_uart_0_avalon_jtag_slave_agent_rsp_fifo"
Info: router: "mm_interconnect_0" instantiated altera_merlin_router "router"
Info: router_001: "mm_interconnect_0" instantiated altera_merlin_router "router_001"
Info: router_002: "mm_interconnect_0" instantiated altera_merlin_router "router_002"
Info: router_003: "mm_interconnect_0" instantiated altera_merlin_router "router_003"
Info: cmd_demux: "mm_interconnect_0" instantiated altera_merlin_demultiplexer "cmd_demux"
Info: cmd_demux_001: "mm_interconnect_0" instantiated altera_merlin_demultiplexer "cmd_demux_001"
Info: cmd_mux: "mm_interconnect_0" instantiated altera_merlin_multiplexer "cmd_mux"
Info: cmd_mux_001: "mm_interconnect_0" instantiated altera_merlin_multiplexer "cmd_mux_001"
Info: Reusing file E:/Quartus/Project/Lab9/lab9_soc/synthesis/submodules/altera_merlin_arbitrator.sv
Info: rsp_demux: "mm_interconnect_0" instantiated altera_merlin_demultiplexer "rsp_demux"
Info: rsp_demux_001: "mm_interconnect_0" instantiated altera_merlin_demultiplexer "rsp_demux_001"
Info: rsp_mux: "mm_interconnect_0" instantiated altera_merlin_multiplexer "rsp_mux"
Info: Reusing file E:/Quartus/Project/Lab9/lab9_soc/synthesis/submodules/altera_merlin_arbitrator.sv
Info: rsp_mux_001: "mm_interconnect_0" instantiated altera_merlin_multiplexer "rsp_mux_001"
Info: Reusing file E:/Quartus/Project/Lab9/lab9_soc/synthesis/submodules/altera_merlin_arbitrator.sv
Info: crosser: "mm_interconnect_0" instantiated altera_avalon_st_handshake_clock_crosser "crosser"
Info: avalon_st_adapter: "mm_interconnect_0" instantiated altera_avalon_st_adapter "avalon_st_adapter"
Info: error_adapter_0: "avalon_st_adapter" instantiated error_adapter "error_adapter_0"
Info: lab9_soc: Done "lab9_soc" with 32 modules, 49 files
Info: qsys-generate succeeded.
Info: Finished: Create HDL design files for synthesis
